Version 5.3.1.5

Fixes
2016-11-08 - [Bug] During CSV import, the last line in the csv file was ignored. #BUG-4070 (Sergey Elmanov) #Core
2016-11-07 - [Bug] A wrong order total was displayed on the place order button if the product had a fixed shipping fee. #BUG-4076 (Michael Lipinski) #Core #FreeShiping
2016-11-02 - [Bug] The size of the zooming block in cloud zoom was the same, regardless of the browser window size. #BUG-4019 (Michael Lipinski) #Core
2016-11-02 - [Bug] The place order button remained disabled in Fast Lane checkout if an invalid email was entered and then replaced with a valid email. #BUG-4059 (Sergey Elmanov) #Core #FastLaneCheckout
2016-11-02 - [Bug] Product image was not responsive on product page on small screen resolutions (mobile devices). #BUG-3887 (Sergey Elmanov) #Core
2016-11-02 - [Bug] Problems with page layout if customer address contained a long text string. #BUG-4066 (Michael Lipinski) #Core
2016-11-02 - [Bug] On the invoice, the shipping address block was displayed incorrectly on screen widths larger than 550px and smaller than 768px. #BUG-4065 (Michael Lipinski) #Core
2016-11-02 - [Bug] Customer email address was not sent in order notification to admin. #BUG-4050 (Michael Lipinski) #Core
2016-11-02 - [Bug] Customer address fields were combined on the invoice. Now all the fields, except for first & last name, are displayed on separate lines. #BUG-4069 (Michael Lipinski) #Core
2016-11-01 - [Bug] The correctCategoriesStructure method was not called when importing products/categories. #BUG-4049 (Sergey Elmanov) #Core
2016-11-01 - [Bug] A clean URL was not generated for a clone product when the clean URL field was blank and the autogenerate clean URL option was checked. #BUG-4056 (Sergey Elmanov) #Core
2016-10-27 - [Bug] Fatal error in logs if using Fast Lane checkout with the option "Ask anonymous users to create an account or sign in before checkout" disabled. #BUG-3988 (Eugene Dementjev) #Core #FastLaneCheckout
2016-10-25 - [Bug] The On/Off switch did not work for the Header, Greeting and Signature fields of the following types of notifications: Low limit warning, Contact us form submitted (Contact us module), Order tracking information. #BUG-4014 (Michael Lipinski) #Core
2016-10-25 - [Bug] The "Including VAT" line was misplaced on the invoice in email notifications. #BUG-3990 (Maxim Kuznetsov) #Core
2016-10-25 - [Bug] Product SKUs were not displayed in order details in the Admin area. #BUG-3998 (Michael Lipinski) #Core
2016-10-24 - [Bug] Added the symfony/polyfill-iconv library. #BUG-3991 (Michael Lipinski) #Core
2016-10-21 - [Bug] Search total was calculated incorrectly on the orders page of the Admin area if searching by date range. #BUG-3987 (Michael Lipinski) #Core
2016-08-16 - [Bug] On mobile devices, in the standard skin, the tabs on the my account page in the customer area changed their orientation to vertical on small screen resolutions. #BUG-3716 (Sergey Elmanov) #Core
